2021-03-28 19:32:47 INFO  Controller:70 - Введены неверные данные!
2021-03-28 19:32:48 INFO  Controller:70 - Введены неверные данные!
2021-03-28 19:50:54 INFO  Controller:67 - root вошел в систему
2021-03-28 19:51:10 INFO  EditSportsmenController:88 - Обновлены данные спортсмена 17
2021-03-28 19:51:27 INFO  EditExerciseController:79 - Обновлены данные о 3
2021-03-28 19:52:51 ERROR Controller:70 - Введены неверные данные!
2021-03-28 20:02:39 ERROR Controller:70 - Введены неверные данные!
2021-03-28 20:02:47 INFO  Controller:67 - root вошел в систему
2021-03-28 20:03:35 INFO  AddExerciseController:76 - Добавлено упражнение Карате До
2021-05-02 15:22:34 INFO  Controller:67 - root вошел в систему
2021-05-02 15:24:06 INFO  AddExerciseController:76 - Добавлено упражнение бокс
2021-06-22 12:09:50 ERROR Controller:70 - Введены неверные данные!
2021-06-22 12:10:31 INFO  Controller:67 - root вошел в систему
2021-06-22 12:12:24 INFO  Controller:67 - root вошел в систему
2021-06-22 12:50:06 INFO  Controller:67 - root вошел в систему
2021-06-22 12:54:43 INFO  Controller:67 - root вошел в систему
2021-06-22 12:55:47 INFO  Controller:67 - root вошел в систему
2021-06-22 13:31:14 INFO  Controller:67 - root вошел в систему
2021-06-23 10:01:57 INFO  Controller:67 - root вошел в систему
2021-06-23 10:04:14 INFO  Controller:67 - root вошел в систему
2021-06-23 10:06:35 INFO  Controller:67 - root вошел в систему
2021-06-24 08:57:49 INFO  Controller:67 - root вошел в систему
2021-06-24 10:42:52 INFO  Controller:66 - root вошел в систему
2021-06-24 11:33:04 INFO  AddTrainersController:85 - Добавлен тренер: Петров Петр
2021-06-24 11:34:28 INFO  AddTrainersController:85 - Добавлен тренер: Петров Петр
2021-06-24 11:35:51 INFO  EditTrainersController:88 - Обновлены данные тренера 9
